SF:C:\Users\Useres\Desktop\ce103-final-beyza-aydin-gokcenur-haymana-cpp\src\tests\event\event_test.cpp
DA:75,0
DA:77,0
DA:73,0
DA:7,0
DA:9,0
DA:5,0
DA:169,0
DA:171,0
DA:167,0
DA:263,0
DA:265,0
DA:261,0
DA:89,0
DA:91,0
DA:87,0
DA:153,0
DA:155,0
DA:151,0
DA:248,0
DA:250,0
DA:246,0
DA:233,0
DA:235,0
DA:231,0
DA:121,0
DA:123,0
DA:119,0
DA:218,0
DA:220,0
DA:216,0
DA:137,0
DA:139,0
DA:135,0
DA:105,0
DA:107,0
DA:103,0
DA:62,0
DA:64,0
DA:60,0
DA:202,0
DA:204,0
DA:200,0
DA:49,0
DA:51,0
DA:47,0
DA:186,0
DA:188,0
DA:184,0
DA:34,0
DA:36,0
DA:32,0
DA:12,0
DA:22,0
DA:40,0
DA:54,0
DA:67,0
DA:80,0
DA:95,0
DA:111,0
DA:127,0
DA:143,0
DA:159,0
DA:175,0
DA:192,0
DA:208,0
DA:224,0
DA:239,0
DA:254,0
DA:269,0
DA:277,0
DA:1,0
end_of_record
SF:C:\Users\Useres\Desktop\ce103-final-beyza-aydin-gokcenur-haymana-cpp\[generated]
DA:1,0
end_of_record
SF:C:\Users\Useres\Desktop\ce103-final-beyza-aydin-gokcenur-haymana-cpp\README.md
DA:1,0
end_of_record
SF:C:\Users\Useres\Desktop\ce103-final-beyza-aydin-gokcenur-haymana-cpp\src\tests\utility\utility_test.cpp
DA:1,0
end_of_record
