SF:C:\Users\Useres\Desktop\ce103-final-beyza-aydin-gokcenur-haymana-cpp\src\tests\event\event_test.cpp
DA:10,0
DA:14,0
DA:8,0
DA:6,0
DA:19,0
DA:24,0
DA:29,0
DA:34,0
DA:39,0
DA:50,1
DA:1,0
end_of_record
SF:C:\Users\Useres\Desktop\ce103-final-beyza-aydin-gokcenur-haymana-cpp\src\tests\utility\utility_test.cpp
DA:21,0
DA:25,0
DA:19,0
DA:17,0
DA:32,0
DA:45,0
DA:57,0
DA:69,0
DA:81,0
DA:93,0
DA:105,0
DA:119,0
DA:137,1
DA:1,0
end_of_record
SF:C:\Users\Useres\Desktop\ce103-final-beyza-aydin-gokcenur-haymana-cpp\[generated]
DA:1,0
end_of_record
SF:C:\Users\Useres\Desktop\ce103-final-beyza-aydin-gokcenur-haymana-cpp\README.md
DA:1,0
end_of_record
