SF:C:\Users\Useres\Desktop\ce103-final-beyza-aydin-gokcenur-haymana-cpp\src\event\header\event.h
DA:29,1
DA:37,1
DA:45,1
DA:55,1
DA:20,1
DA:12,0
DA:14,0
DA:1,1
end_of_record
SF:C:\Users\Useres\Desktop\ce103-final-beyza-aydin-gokcenur-haymana-cpp\src\utility\header\mathUtility.h
DA:33,1
DA:45,1
DA:59,1
DA:72,1
DA:20,1
DA:14,0
DA:1,1
end_of_record
SF:C:\Users\Useres\Desktop\ce103-final-beyza-aydin-gokcenur-haymana-cpp\README.md
DA:1,0
end_of_record
SF:C:\Users\Useres\Desktop\ce103-final-beyza-aydin-gokcenur-haymana-cpp\src\event\src\event.cpp
DA:1,0
end_of_record
SF:C:\Users\Useres\Desktop\ce103-final-beyza-aydin-gokcenur-haymana-cpp\src\eventapp\header\eventapp.h
DA:1,1
end_of_record
SF:C:\Users\Useres\Desktop\ce103-final-beyza-aydin-gokcenur-haymana-cpp\src\eventapp\src\eventapp.cpp
DA:19,0
DA:23,0
DA:29,0
DA:62,0
DA:93,0
DA:1,1
end_of_record
SF:C:\Users\Useres\Desktop\ce103-final-beyza-aydin-gokcenur-haymana-cpp\src\utility\header\commonTypes.h
DA:1,1
end_of_record
SF:C:\Users\Useres\Desktop\ce103-final-beyza-aydin-gokcenur-haymana-cpp\src\utility\src\mathUtility.cpp
DA:1,1
end_of_record
